<?xml version="1.0" encoding="UTF-8"?>
<!-- Generated by org.testng.reporters.JUnitReportReporter -->
<testsuite hostname="Swasthik" failures="0" tests="1" name="lpack.Demo" time="12.296" errors="0" timestamp="2024-04-08T13:04:22 IST" skipped="0">
  <testcase classname="lpack.Demo" name="test" time="12.296"/>
</testsuite> <!-- lpack.Demo -->
